2023-02-05 22:42:56,793 Register Success: User registered successfully.
2023-02-05 22:43:05,464 Starting the login process
2023-02-05 22:43:05,644 Successfully connected to the database
2023-02-05 22:43:05,644 Login failed for user: hellothere
2023-02-05 22:43:06,834 Starting the login process
2023-02-05 22:43:07,008 Successfully connected to the database
2023-02-05 22:43:07,014 Login failed for user: hellothere
2023-02-05 22:43:07,174 Starting the login process
2023-02-05 22:43:07,354 Successfully connected to the database
2023-02-05 22:43:07,354 Login failed for user: hellothere
2023-02-05 22:43:07,354 Starting the login process
2023-02-05 22:43:07,534 Successfully connected to the database
2023-02-05 22:43:07,534 Login failed for user: hellothere
2023-02-05 22:43:07,534 Starting the login process
2023-02-05 22:43:07,709 Successfully connected to the database
2023-02-05 22:43:07,709 Login failed for user: hellothere
2023-02-05 22:43:07,709 Starting the login process
2023-02-05 22:43:07,884 Successfully connected to the database
2023-02-05 22:43:07,884 Login failed for user: hellothere
2023-02-05 22:43:14,354 Starting the login process
2023-02-05 22:43:14,529 Successfully connected to the database
2023-02-05 22:43:14,529 Login failed for user: hellothere
2023-02-05 22:43:14,529 Starting the login process
2023-02-05 22:43:14,704 Successfully connected to the database
2023-02-05 22:43:14,704 Login failed for user: hellothere
2023-02-05 22:43:14,704 Starting the login process
2023-02-05 22:43:14,884 Successfully connected to the database
2023-02-05 22:43:14,884 Login failed for user: hellothere
2023-02-05 22:43:14,884 Starting the login process
2023-02-05 22:43:15,059 Successfully connected to the database
2023-02-05 22:43:15,059 Login failed for user: hellothere
2023-02-05 22:43:15,059 Starting the login process
2023-02-05 22:43:15,234 Successfully connected to the database
2023-02-05 22:43:15,234 Login failed for user: hellothere
2023-02-05 22:43:15,234 Starting the login process
2023-02-05 22:43:15,407 Successfully connected to the database
2023-02-05 22:43:15,407 Login failed for user: hellothere
2023-02-05 22:45:18,704 Starting the login process
2023-02-05 22:45:18,884 Successfully connected to the database
2023-02-05 22:45:18,884 Login failed for user: dssdsdsd
2023-02-05 22:45:21,484 Starting the login process
2023-02-05 22:45:21,668 Successfully connected to the database
2023-02-05 22:45:21,668 Login failed for user: dssdsdsdsd
2023-02-05 22:45:26,164 Successfully connected to the database
2023-02-05 22:45:26,164 Login failed for user: sdsdsdsddsds
2023-02-05 22:47:26,736 Starting the login process
2023-02-05 22:47:26,736 Connected to the database
2023-02-05 22:47:26,736 'NoneType' object is not subscriptable
Traceback (most recent call last):
  File "c:\Users\Dylan\Desktop\Dylans Shit\Coding\Python\registerLoginTestingV2.py", line 129, in login
    stored_hash = cursor.fetchone()[0]
                  ~~~~~~~~~~~~~~~~~^^^
TypeError: 'NoneType' object is not subscriptable
2023-02-05 22:47:28,018 Connection to the database closed
2023-02-05 22:47:39,304 Starting the login process
2023-02-05 22:47:39,304 Connected to the database
2023-02-05 22:47:39,304 'bytes' object has no attribute 'encode'
Traceback (most recent call last):
  File "c:\Users\Dylan\Desktop\Dylans Shit\Coding\Python\registerLoginTestingV2.py", line 131, in login
    if stored_hash and bcrypt.checkpw(self.password.encode("utf-8"), stored_hash.encode("utf-8")):
                                                                     ^^^^^^^^^^^^^^^^^^
AttributeError: 'bytes' object has no attribute 'encode'
2023-02-05 22:47:42,147 Connection to the database closed
2023-02-05 22:47:47,087 Starting the login process
2023-02-05 22:47:47,087 Connected to the database
2023-02-05 22:47:47,087 'bytes' object has no attribute 'encode'
Traceback (most recent call last):
  File "c:\Users\Dylan\Desktop\Dylans Shit\Coding\Python\registerLoginTestingV2.py", line 131, in login
    if stored_hash and bcrypt.checkpw(self.password.encode("utf-8"), stored_hash.encode("utf-8")):
                                                                     ^^^^^^^^^^^^^^^^^^
AttributeError: 'bytes' object has no attribute 'encode'
2023-02-05 22:47:48,322 Connection to the database closed
2023-02-05 22:48:07,433 Register Success: User registered successfully.
2023-02-05 22:48:10,234 Starting the login process
2023-02-05 22:48:10,234 Connected to the database
2023-02-05 22:48:10,234 'bytes' object has no attribute 'encode'
Traceback (most recent call last):
  File "c:\Users\Dylan\Desktop\Dylans Shit\Coding\Python\registerLoginTestingV2.py", line 131, in login
    if stored_hash and bcrypt.checkpw(self.password.encode("utf-8"), stored_hash.encode("utf-8")):
                                                                     ^^^^^^^^^^^^^^^^^^
AttributeError: 'bytes' object has no attribute 'encode'
2023-02-05 22:48:11,361 Connection to the database closed
2023-02-05 22:50:29,274 Starting the login process
2023-02-05 22:50:29,274 Connected to the database
2023-02-05 22:50:29,274 'bytes' object has no attribute 'encode'
Traceback (most recent call last):
  File "c:\Users\Dylan\Desktop\Dylans Shit\Coding\Python\registerLoginTestingV2.py", line 130, in login
    if stored_hash and bcrypt.checkpw(self.password.encode("utf-8"), stored_hash.encode("utf-8")):
                                                                     ^^^^^^^^^^^^^^^^^^
AttributeError: 'bytes' object has no attribute 'encode'
2023-02-05 22:50:30,521 Connection to the database closed
2023-02-05 22:50:37,404 Starting the login process
2023-02-05 22:50:37,404 Connected to the database
2023-02-05 22:50:37,404 'bytes' object has no attribute 'encode'
Traceback (most recent call last):
  File "c:\Users\Dylan\Desktop\Dylans Shit\Coding\Python\registerLoginTestingV2.py", line 130, in login
    if stored_hash and bcrypt.checkpw(self.password.encode("utf-8"), stored_hash.encode("utf-8")):
                                                                     ^^^^^^^^^^^^^^^^^^
AttributeError: 'bytes' object has no attribute 'encode'
2023-02-05 22:50:38,388 Connection to the database closed
2023-02-05 22:50:50,725 Register Success: User registered successfully.
2023-02-05 22:51:04,614 Starting the login process
2023-02-05 22:51:04,624 Connected to the database
2023-02-05 22:51:04,624 'bytes' object has no attribute 'encode'
Traceback (most recent call last):
  File "c:\Users\Dylan\Desktop\Dylans Shit\Coding\Python\registerLoginTestingV2.py", line 130, in login
    if stored_hash and bcrypt.checkpw(self.password.encode("utf-8"), stored_hash.encode("utf-8")):
                                                                     ^^^^^^^^^^^^^^^^^^
AttributeError: 'bytes' object has no attribute 'encode'
2023-02-05 22:51:05,585 Connection to the database closed
2023-02-05 22:53:04,174 Starting the login process
2023-02-05 22:53:04,174 Connected to the database
2023-02-05 22:53:04,174 'NoneType' object is not subscriptable
Traceback (most recent call last):
  File "c:\Users\Dylan\Desktop\Dylans Shit\Coding\Python\registerLoginTestingV2.py", line 128, in login
    stored_hash = cursor.fetchone()[0]
                  ~~~~~~~~~~~~~~~~~^^^
TypeError: 'NoneType' object is not subscriptable
2023-02-05 22:53:05,322 Connection to the database closed
2023-02-05 22:53:15,234 Starting the login process
2023-02-05 22:53:15,234 Connected to the database
2023-02-05 22:53:15,234 argument 'salt': 'int' object cannot be converted to 'PyBytes'
Traceback (most recent call last):
  File "c:\Users\Dylan\Desktop\Dylans Shit\Coding\Python\registerLoginTestingV2.py", line 130, in login
    if stored_hash and bcrypt.checkpw(self.password.encode(), stored_hash[0]):
                       ^^^^^^^^^^^^^^^^^^^^^^^^^^^^^^^^^^^^^^^^^^^^^^^^^^^^^^
  File "C:\Users\Dylan\AppData\Local\Programs\Python\Python311\Lib\site-packages\bcrypt\__init__.py", line 91, in checkpw
    ret = hashpw(password, hashed_password)
          ^^^^^^^^^^^^^^^^^^^^^^^^^^^^^^^^^
  File "C:\Users\Dylan\AppData\Local\Programs\Python\Python311\Lib\site-packages\bcrypt\__init__.py", line 84, in hashpw
    return _bcrypt.hashpass(password, salt)
           ^^^^^^^^^^^^^^^^^^^^^^^^^^^^^^^^
TypeError: argument 'salt': 'int' object cannot be converted to 'PyBytes'
2023-02-05 22:53:16,658 Connection to the database closed
2023-02-05 22:57:55,613 Starting the login process
2023-02-05 22:57:55,613 Connected to the database
2023-02-05 22:57:55,614 'NoneType' object is not subscriptable
Traceback (most recent call last):
  File "c:\Users\Dylan\Desktop\Dylans Shit\Coding\Python\registerLoginTestingV2.py", line 123, in login
    stored_hash = cursor.fetchone()[0]
                  ~~~~~~~~~~~~~~~~~^^^
TypeError: 'NoneType' object is not subscriptable
2023-02-05 22:57:56,836 Connection to the database closed
2023-02-05 22:58:25,684 Starting the login process
2023-02-05 22:58:25,684 Connected to the database
2023-02-05 22:58:25,684 Error: 'bytes' object has no attribute 'encode'
2023-02-05 22:58:26,484 Starting the login process
2023-02-05 22:58:26,484 Connected to the database
2023-02-05 22:58:26,484 Error: 'bytes' object has no attribute 'encode'
2023-02-05 22:58:27,764 Starting the login process
2023-02-05 22:58:27,764 Connected to the database
2023-02-05 22:58:27,764 Error: Invalid salt
2023-02-05 22:58:29,181 Starting the login process
2023-02-05 22:58:29,181 Connected to the database
2023-02-05 22:58:29,181 Error: Invalid salt
2023-02-05 22:58:29,534 Starting the login process
2023-02-05 22:58:29,534 Connected to the database
2023-02-05 22:58:29,534 Error: Invalid salt
2023-02-05 22:58:30,574 Starting the login process
2023-02-05 22:58:30,574 Connected to the database
2023-02-05 22:58:30,582 Error: Invalid salt
2023-02-05 23:00:02,394 Starting the login process
2023-02-05 23:00:02,394 Connected to the database
2023-02-05 23:00:02,394 argument 'salt': 'int' object cannot be converted to 'PyBytes'
Traceback (most recent call last):
  File "c:\Users\Dylan\Desktop\Dylans Shit\Coding\Python\registerLoginTestingV2.py", line 121, in login
    if stored_hash and bcrypt.checkpw(self.password.encode(), stored_hash[0]):
                       ^^^^^^^^^^^^^^^^^^^^^^^^^^^^^^^^^^^^^^^^^^^^^^^^^^^^^^
  File "C:\Users\Dylan\AppData\Local\Programs\Python\Python311\Lib\site-packages\bcrypt\__init__.py", line 91, in checkpw
    ret = hashpw(password, hashed_password)
          ^^^^^^^^^^^^^^^^^^^^^^^^^^^^^^^^^
  File "C:\Users\Dylan\AppData\Local\Programs\Python\Python311\Lib\site-packages\bcrypt\__init__.py", line 84, in hashpw
    return _bcrypt.hashpass(password, salt)
           ^^^^^^^^^^^^^^^^^^^^^^^^^^^^^^^^
TypeError: argument 'salt': 'int' object cannot be converted to 'PyBytes'
2023-02-05 23:00:03,729 Connection to the database closed
2023-02-06 12:23:52,834 Starting the login process
2023-02-06 12:23:52,838 Connected to the database
2023-02-06 12:23:52,838 'NoneType' object is not subscriptable
Traceback (most recent call last):
  File "c:\Users\Dylan\Desktop\Dylans Shit\Coding\Python\registerLoginTestingV2.py", line 117, in login
    stored_hash = cursor.fetchone()[0]
                  ~~~~~~~~~~~~~~~~~^^^
TypeError: 'NoneType' object is not subscriptable
2023-02-06 12:23:53,998 Connection to the database closed
2023-02-06 12:35:52,962 Starting the login process
2023-02-06 12:35:52,962 Connected to the database
2023-02-06 12:35:52,962 'NoneType' object is not subscriptable
Traceback (most recent call last):
  File "c:\Users\Dylan\Desktop\Dylans Shit\Coding\Python\registerLoginTestingV2.py", line 123, in login
    stored_hash = cursor.fetchone()[0]
                  ~~~~~~~~~~~~~~~~~^^^
TypeError: 'NoneType' object is not subscriptable
2023-02-06 12:35:53,998 Connection to the database closed
2023-02-06 12:39:28,586 Starting the login process
2023-02-06 12:39:28,586 Connected to the database
2023-02-06 12:39:28,586 No rows returned from the query
2023-02-06 12:39:28,586 cannot access local variable 'stored_hash' where it is not associated with a value
Traceback (most recent call last):
  File "c:\Users\Dylan\Desktop\Dylans Shit\Coding\Python\registerLoginTestingV2.py", line 128, in login
    logging.debug(f"Fetched password hash: {stored_hash}")
                                            ^^^^^^^^^^^
UnboundLocalError: cannot access local variable 'stored_hash' where it is not associated with a value
2023-02-06 12:39:29,599 Connection to the database closed
